2025-05-26/19:46:29 [INF] #/app/common/cron/service.go#github.com/Zkeai/DDPay/common/cron.(*CronService).Start#31行#[[CronService starting...]]
2025-05-26/19:46:29 [INF] #/app/common/cron/manager.go#github.com/Zkeai/DDPay/common/cron.(*TaskManager).AddTask#63行#[[Task add success: 1]]
2025-05-26/19:50:01 [INF] #/app/cmd/cron/main.go#main.main#54行#[[Shutting down CronService...]]
2025-05-26/19:50:01 [INF] #/app/common/cron/service.go#github.com/Zkeai/DDPay/common/cron.(*CronService).Stop.func1#40行#[[CronService stopping...]]
2025-05-26/19:50:01 [INF] #/app/common/cron/manager.go#github.com/Zkeai/DDPay/common/cron.(*TaskManager).Stop#158行#[[Cron stopped]]
2025-05-26/19:51:56 [INF] #/app/common/cron/service.go#github.com/Zkeai/DDPay/common/cron.(*CronService).Start#31行#[[CronService starting...]]
2025-05-26/19:51:56 [INF] #/app/common/cron/manager.go#github.com/Zkeai/DDPay/common/cron.(*TaskManager).AddTask#63行#[[Task add success: 1]]
2025-05-26/19:58:51 [INF] #/app/cmd/cron/main.go#main.main#54行#[[Shutting down CronService...]]
2025-05-26/19:58:51 [INF] #/app/common/cron/service.go#github.com/Zkeai/DDPay/common/cron.(*CronService).Stop.func1#40行#[[CronService stopping...]]
2025-05-26/19:58:51 [INF] #/app/common/cron/manager.go#github.com/Zkeai/DDPay/common/cron.(*TaskManager).Stop#158行#[[Cron stopped]]
2025-05-26/20:00:39 [INF] #/app/common/cron/service.go#github.com/Zkeai/DDPay/common/cron.(*CronService).Start#31行#[[CronService starting...]]
2025-05-26/20:00:39 [INF] #/app/common/cron/manager.go#github.com/Zkeai/DDPay/common/cron.(*TaskManager).AddTask#63行#[[Task add success: 1]]
2025-05-26/20:51:53 [INF] #/app/cmd/cron/main.go#main.main#54行#[[Shutting down CronService...]]
2025-05-26/20:51:53 [INF] #/app/common/cron/service.go#github.com/Zkeai/DDPay/common/cron.(*CronService).Stop.func1#40行#[[CronService stopping...]]
2025-05-26/20:51:53 [INF] #/app/common/cron/manager.go#github.com/Zkeai/DDPay/common/cron.(*TaskManager).Stop#158行#[[Cron stopped]]
2025-05-26/22:16:17 [INF] #/app/common/cron/service.go#github.com/Zkeai/DDPay/common/cron.(*CronService).Start#31行#[[CronService starting...]]
2025-05-26/22:16:17 [INF] #/app/common/cron/manager.go#github.com/Zkeai/DDPay/common/cron.(*TaskManager).AddTask#63行#[[Task add success: 1]]
2025-05-26/22:16:17 [INF] #/app/cmd/cron/main.go#main.main#54行#[[Shutting down CronService...]]
2025-05-26/22:16:17 [INF] #/app/common/cron/service.go#github.com/Zkeai/DDPay/common/cron.(*CronService).Stop.func1#40行#[[CronService stopping...]]
2025-05-26/22:16:17 [INF] #/app/common/cron/manager.go#github.com/Zkeai/DDPay/common/cron.(*TaskManager).Stop#158行#[[Cron stopped]]
2025-05-26/22:16:36 [INF] #/app/common/cron/service.go#github.com/Zkeai/DDPay/common/cron.(*CronService).Start#31行#[[CronService starting...]]
2025-05-26/22:16:36 [INF] #/app/common/cron/manager.go#github.com/Zkeai/DDPay/common/cron.(*TaskManager).AddTask#63行#[[Task add success: 1]]
2025-05-26/22:16:49 [INF] #/app/cmd/cron/main.go#main.main#54行#[[Shutting down CronService...]]
2025-05-26/22:16:49 [INF] #/app/common/cron/service.go#github.com/Zkeai/DDPay/common/cron.(*CronService).Stop.func1#40行#[[CronService stopping...]]
2025-05-26/22:16:49 [INF] #/app/common/cron/manager.go#github.com/Zkeai/DDPay/common/cron.(*TaskManager).Stop#158行#[[Cron stopped]]
2025-05-26/22:16:52 [INF] #/app/common/cron/service.go#github.com/Zkeai/DDPay/common/cron.(*CronService).Start#31行#[[CronService starting...]]
2025-05-26/22:16:52 [INF] #/app/common/cron/manager.go#github.com/Zkeai/DDPay/common/cron.(*TaskManager).AddTask#63行#[[Task add success: 1]]
2025-05-26/22:17:36 [INF] #/app/cmd/cron/main.go#main.main#54行#[[Shutting down CronService...]]
2025-05-26/22:17:36 [INF] #/app/common/cron/service.go#github.com/Zkeai/DDPay/common/cron.(*CronService).Stop.func1#40行#[[CronService stopping...]]
2025-05-26/22:17:36 [INF] #/app/common/cron/manager.go#github.com/Zkeai/DDPay/common/cron.(*TaskManager).Stop#158行#[[Cron stopped]]
2025-05-26/22:17:59 [INF] #/app/common/cron/service.go#github.com/Zkeai/DDPay/common/cron.(*CronService).Start#31行#[[CronService starting...]]
2025-05-26/22:17:59 [INF] #/app/common/cron/manager.go#github.com/Zkeai/DDPay/common/cron.(*TaskManager).AddTask#63行#[[Task add success: 1]]
2025-05-26/22:19:34 [INF] #/app/cmd/cron/main.go#main.main#54行#[[Shutting down CronService...]]
2025-05-26/22:19:34 [INF] #/app/common/cron/service.go#github.com/Zkeai/DDPay/common/cron.(*CronService).Stop.func1#40行#[[CronService stopping...]]
2025-05-26/22:19:34 [INF] #/app/common/cron/manager.go#github.com/Zkeai/DDPay/common/cron.(*TaskManager).Stop#158行#[[Cron stopped]]
2025-05-27/23:09:01 [INF] #/app/common/cron/service.go#github.com/Zkeai/DDPay/common/cron.(*CronService).Start#31行#[[CronService starting...]]
2025-05-27/23:09:01 [INF] #/app/common/cron/manager.go#github.com/Zkeai/DDPay/common/cron.(*TaskManager).AddTask#63行#[[Task add success: 1]]
2025-05-27/23:13:11 [INF] #/app/cmd/cron/main.go#main.main#54行#[[Shutting down CronService...]]
2025-05-27/23:13:11 [INF] #/app/common/cron/service.go#github.com/Zkeai/DDPay/common/cron.(*CronService).Stop.func1#40行#[[CronService stopping...]]
2025-05-27/23:13:11 [INF] #/app/common/cron/manager.go#github.com/Zkeai/DDPay/common/cron.(*TaskManager).Stop#158行#[[Cron stopped]]
2025-05-28/16:35:42 [INF] #/app/common/cron/service.go#github.com/Zkeai/DDPay/common/cron.(*CronService).Start#31行#[[CronService starting...]]
2025-05-28/16:35:42 [INF] #/app/common/cron/manager.go#github.com/Zkeai/DDPay/common/cron.(*TaskManager).AddTask#63行#[[Task add success: 1]]
2025-05-28/17:06:31 [INF] #/app/cmd/cron/main.go#main.main#54行#[[Shutting down CronService...]]
2025-05-28/17:06:31 [INF] #/app/common/cron/service.go#github.com/Zkeai/DDPay/common/cron.(*CronService).Stop.func1#40行#[[CronService stopping...]]
2025-05-28/17:06:31 [INF] #/app/common/cron/manager.go#github.com/Zkeai/DDPay/common/cron.(*TaskManager).Stop#158行#[[Cron stopped]]
2025-05-29/16:21:08 [INF] #/app/common/cron/service.go#github.com/Zkeai/DDPay/common/cron.(*CronService).Start#31行#[[CronService starting...]]
2025-05-29/16:21:08 [INF] #/app/common/cron/manager.go#github.com/Zkeai/DDPay/common/cron.(*TaskManager).AddTask#63行#[[Task add success: 1]]
2025-05-29/16:22:23 [INF] #/app/cmd/cron/main.go#main.main#54行#[[Shutting down CronService...]]
2025-05-29/16:22:23 [INF] #/app/common/cron/service.go#github.com/Zkeai/DDPay/common/cron.(*CronService).Stop.func1#40行#[[CronService stopping...]]
2025-05-29/16:22:23 [INF] #/app/common/cron/manager.go#github.com/Zkeai/DDPay/common/cron.(*TaskManager).Stop#158行#[[Cron stopped]]
2025-06-01/13:15:23 [INF] #/app/common/cron/service.go#github.com/Zkeai/DDPay/common/cron.(*CronService).Start#31行#[[CronService starting...]]
2025-06-01/13:15:23 [INF] #/app/common/cron/manager.go#github.com/Zkeai/DDPay/common/cron.(*TaskManager).AddTask#63行#[[Task add success: 1]]
2025-06-01/13:45:32 [INF] #/app/cmd/cron/main.go#main.main#54行#[[Shutting down CronService...]]
2025-06-01/13:45:32 [INF] #/app/common/cron/service.go#github.com/Zkeai/DDPay/common/cron.(*CronService).Stop.func1#40行#[[CronService stopping...]]
2025-06-01/13:45:32 [INF] #/app/common/cron/manager.go#github.com/Zkeai/DDPay/common/cron.(*TaskManager).Stop#158行#[[Cron stopped]]
2025-06-03/10:07:19 [INF] #/app/common/cron/service.go#github.com/Zkeai/DDPay/common/cron.(*CronService).Start#31行#[[CronService starting...]]
2025-06-03/10:07:19 [INF] #/app/common/cron/manager.go#github.com/Zkeai/DDPay/common/cron.(*TaskManager).AddTask#63行#[[Task add success: 1]]
2025-06-03/11:06:45 [INF] #/app/cmd/cron/main.go#main.main#54行#[[Shutting down CronService...]]
2025-06-03/11:06:45 [INF] #/app/common/cron/service.go#github.com/Zkeai/DDPay/common/cron.(*CronService).Stop.func1#40行#[[CronService stopping...]]
2025-06-03/11:06:45 [INF] #/app/common/cron/manager.go#github.com/Zkeai/DDPay/common/cron.(*TaskManager).Stop#158行#[[Cron stopped]]
2025-06-03/11:09:51 [INF] #/Users/chole/web3/DDPay/common/cron/service.go#github.com/Zkeai/DDPay/common/cron.(*CronService).Start#31行#[[CronService starting...]]
2025-06-03/11:09:51 [INF] #/Users/chole/web3/DDPay/common/cron/manager.go#github.com/Zkeai/DDPay/common/cron.(*TaskManager).AddTask#63行#[[Task add success: 1]]
2025-06-03/11:24:45 [INF] #/Users/chole/web3/DDPay/cmd/http/main.go#main.main#71行#[[初始化邮件服务成功]]
2025-06-03/11:31:19 [INF] #/Users/chole/web3/DDPay/cmd/http/main.go#main.main#71行#[[初始化邮件服务成功]]
2025-06-03/11:50:18 [ERR] #/Users/chole/web3/DDPay/cmd/http/main.go#main.main#55行#[[yaml: unmarshal errors:
  line 35: cannot unmarshal !!int `2592000` into time.Duration]]
2025-06-03/11:50:18 [INF] #/Users/chole/web3/DDPay/cmd/http/main.go#main.main#71行#[[初始化邮件服务成功]]
2025-06-03/12:06:38 [ERR] #/Users/chole/web3/DDPay/cmd/http/main.go#main.main#55行#[[yaml: unmarshal errors:
  line 35: cannot unmarshal !!int `2592000` into time.Duration]]
2025-06-03/12:06:38 [INF] #/Users/chole/web3/DDPay/cmd/http/main.go#main.main#71行#[[初始化邮件服务成功]]
2025-06-03/12:28:46 [ERR] #/Users/chole/web3/DDPay/cmd/http/main.go#main.main#55行#[[yaml: unmarshal errors:
  line 35: cannot unmarshal !!int `2592000` into time.Duration]]
2025-06-03/12:28:46 [INF] #/Users/chole/web3/DDPay/cmd/http/main.go#main.main#71行#[[初始化邮件服务成功]]
2025-06-03/17:32:36 [ERR] #/Users/chole/web3/DDPay/cmd/http/main.go#main.main#55行#[[yaml: unmarshal errors:
  line 45: cannot unmarshal !!int `2592000` into time.Duration]]
2025-06-03/17:32:36 [INF] #/Users/chole/web3/DDPay/cmd/http/main.go#main.main#71行#[[初始化邮件服务成功]]
2025-06-03/18:44:31 [ERR] #/Users/chole/web3/DDPay/cmd/http/main.go#main.main#55行#[[yaml: unmarshal errors:
  line 45: cannot unmarshal !!int `2592000` into time.Duration]]
2025-06-03/18:44:31 [INF] #/Users/chole/web3/DDPay/cmd/http/main.go#main.main#71行#[[初始化邮件服务成功]]
2025-06-04/09:32:54 [ERR] #/Users/chole/web3/DDPay/cmd/http/main.go#main.main#55行#[[yaml: unmarshal errors:
  line 45: cannot unmarshal !!int `2592000` into time.Duration]]
2025-06-04/09:32:54 [INF] #/Users/chole/web3/DDPay/cmd/http/main.go#main.main#71行#[[初始化邮件服务成功]]
2025-06-04/09:43:14 [ERR] #/Users/chole/web3/DDPay/cmd/http/main.go#main.main#55行#[[yaml: unmarshal errors:
  line 45: cannot unmarshal !!int `2592000` into time.Duration]]
2025-06-04/09:43:14 [INF] #/Users/chole/web3/DDPay/cmd/http/main.go#main.main#71行#[[初始化邮件服务成功]]
2025-06-04/09:50:08 [ERR] #/Users/chole/web3/DDPay/cmd/http/main.go#main.main#55行#[[yaml: unmarshal errors:
  line 45: cannot unmarshal !!int `2592000` into time.Duration]]
2025-06-04/09:50:08 [INF] #/Users/chole/web3/DDPay/cmd/http/main.go#main.main#71行#[[初始化邮件服务成功]]
2025-06-04/10:21:10 [ERR] #/Users/chole/web3/DDPay/cmd/http/main.go#main.main#55行#[[yaml: unmarshal errors:
  line 45: cannot unmarshal !!int `2592000` into time.Duration]]
2025-06-04/10:21:10 [INF] #/Users/chole/web3/DDPay/cmd/http/main.go#main.main#71行#[[初始化邮件服务成功]]
2025-06-04/16:27:26 [ERR] #/Users/chole/web3/DDPay/cmd/http/main.go#main.main#55行#[[yaml: unmarshal errors:
  line 45: cannot unmarshal !!int `2592000` into time.Duration]]
2025-06-04/16:27:26 [INF] #/Users/chole/web3/DDPay/cmd/http/main.go#main.main#71行#[[初始化邮件服务成功]]
2025-06-04/16:48:37 [ERR] #/Users/chole/web3/DDPay/cmd/http/main.go#main.main#55行#[[yaml: unmarshal errors:
  line 45: cannot unmarshal !!int `2592000` into time.Duration]]
2025-06-04/16:48:37 [INF] #/Users/chole/web3/DDPay/cmd/http/main.go#main.main#71行#[[初始化邮件服务成功]]
2025-06-04/17:16:39 [ERR] #/Users/chole/web3/DDPay/cmd/http/main.go#main.main#55行#[[yaml: unmarshal errors:
  line 45: cannot unmarshal !!int `2592000` into time.Duration]]
2025-06-04/17:16:39 [INF] #/Users/chole/web3/DDPay/cmd/http/main.go#main.main#71行#[[初始化邮件服务成功]]
2025-06-04/17:22:02 [ERR] #/Users/chole/web3/DDPay/cmd/http/main.go#main.main#55行#[[yaml: unmarshal errors:
  line 45: cannot unmarshal !!int `2592000` into time.Duration]]
2025-06-04/17:22:02 [INF] #/Users/chole/web3/DDPay/cmd/http/main.go#main.main#71行#[[初始化邮件服务成功]]
2025-06-04/17:45:24 [ERR] #/Users/chole/web3/DDPay/cmd/http/main.go#main.main#55行#[[yaml: unmarshal errors:
  line 45: cannot unmarshal !!int `2592000` into time.Duration]]
2025-06-04/17:45:24 [INF] #/Users/chole/web3/DDPay/cmd/http/main.go#main.main#71行#[[初始化邮件服务成功]]
2025-06-04/17:51:02 [ERR] #/Users/chole/web3/DDPay/cmd/http/main.go#main.main#55行#[[yaml: unmarshal errors:
  line 45: cannot unmarshal !!int `2592000` into time.Duration]]
2025-06-04/17:51:02 [INF] #/Users/chole/web3/DDPay/cmd/http/main.go#main.main#71行#[[初始化邮件服务成功]]
2025-06-04/18:01:30 [ERR] #/Users/chole/web3/DDPay/cmd/http/main.go#main.main#55行#[[yaml: unmarshal errors:
  line 45: cannot unmarshal !!int `2592000` into time.Duration]]
2025-06-04/18:01:30 [INF] #/Users/chole/web3/DDPay/cmd/http/main.go#main.main#71行#[[初始化邮件服务成功]]
2025-06-04/18:24:09 [ERR] #/Users/chole/web3/DDPay/cmd/http/main.go#main.main#55行#[[yaml: unmarshal errors:
  line 45: cannot unmarshal !!int `2592000` into time.Duration]]
2025-06-04/18:24:09 [INF] #/Users/chole/web3/DDPay/cmd/http/main.go#main.main#71行#[[初始化邮件服务成功]]
2025-06-04/19:04:19 [ERR] #/Users/chole/web3/DDPay/cmd/http/main.go#main.main#55行#[[yaml: unmarshal errors:
  line 45: cannot unmarshal !!int `2592000` into time.Duration]]
2025-06-04/19:04:19 [INF] #/Users/chole/web3/DDPay/cmd/http/main.go#main.main#71行#[[初始化邮件服务成功]]
2025-06-04/19:26:58 [ERR] #/Users/chole/web3/DDPay/cmd/http/main.go#main.main#55行#[[yaml: unmarshal errors:
  line 45: cannot unmarshal !!int `2592000` into time.Duration]]
2025-06-04/19:26:58 [INF] #/Users/chole/web3/DDPay/cmd/http/main.go#main.main#71行#[[初始化邮件服务成功]]
2025-06-04/19:39:08 [ERR] #/Users/chole/web3/DDPay/cmd/http/main.go#main.main#55行#[[yaml: unmarshal errors:
  line 45: cannot unmarshal !!int `2592000` into time.Duration]]
2025-06-04/19:39:08 [INF] #/Users/chole/web3/DDPay/cmd/http/main.go#main.main#71行#[[初始化邮件服务成功]]
2025-06-04/19:41:11 [ERR] #/Users/chole/web3/DDPay/cmd/http/main.go#main.main#55行#[[yaml: unmarshal errors:
  line 45: cannot unmarshal !!int `2592000` into time.Duration]]
2025-06-04/19:41:11 [INF] #/Users/chole/web3/DDPay/cmd/http/main.go#main.main#71行#[[初始化邮件服务成功]]
2025-06-04/19:48:01 [ERR] #/Users/chole/web3/DDPay/cmd/http/main.go#main.main#55行#[[yaml: unmarshal errors:
  line 45: cannot unmarshal !!int `2592000` into time.Duration]]
2025-06-04/19:48:01 [INF] #/Users/chole/web3/DDPay/cmd/http/main.go#main.main#71行#[[初始化邮件服务成功]]
2025-06-05/08:38:39 [ERR] #/Users/chole/web3/DDPay/cmd/http/main.go#main.main#55行#[[yaml: unmarshal errors:
  line 45: cannot unmarshal !!int `2592000` into time.Duration]]
2025-06-05/08:38:39 [INF] #/Users/chole/web3/DDPay/cmd/http/main.go#main.main#71行#[[初始化邮件服务成功]]
2025-06-05/08:41:22 [ERR] #/Users/chole/web3/DDPay/cmd/http/main.go#main.main#55行#[[yaml: unmarshal errors:
  line 45: cannot unmarshal !!int `2592000` into time.Duration]]
2025-06-05/08:41:22 [INF] #/Users/chole/web3/DDPay/cmd/http/main.go#main.main#71行#[[初始化邮件服务成功]]
2025-06-05/08:56:45 [ERR] #/Users/chole/web3/DDPay/cmd/http/main.go#main.main#55行#[[yaml: unmarshal errors:
  line 45: cannot unmarshal !!int `2592000` into time.Duration]]
2025-06-05/08:56:45 [INF] #/Users/chole/web3/DDPay/cmd/http/main.go#main.main#71行#[[初始化邮件服务成功]]
2025-06-05/09:56:08 [ERR] #/Users/chole/web3/DDPay/cmd/http/main.go#main.main#55行#[[yaml: unmarshal errors:
  line 45: cannot unmarshal !!int `2592000` into time.Duration]]
2025-06-05/09:56:08 [INF] #/Users/chole/web3/DDPay/cmd/http/main.go#main.main#71行#[[初始化邮件服务成功]]
2025-06-05/09:56:28 [ERR] #/Users/chole/web3/DDPay/cmd/http/main.go#main.main#55行#[[yaml: unmarshal errors:
  line 45: cannot unmarshal !!int `2592000` into time.Duration]]
2025-06-05/09:56:28 [INF] #/Users/chole/web3/DDPay/cmd/http/main.go#main.main#71行#[[初始化邮件服务成功]]
2025-06-05/10:07:29 [ERR] #/Users/chole/web3/DDPay/cmd/http/main.go#main.main#55行#[[yaml: unmarshal errors:
  line 45: cannot unmarshal !!int `2592000` into time.Duration]]
2025-06-05/10:07:29 [INF] #/Users/chole/web3/DDPay/cmd/http/main.go#main.main#71行#[[初始化邮件服务成功]]
2025-06-05/11:41:33 [ERR] #/Users/chole/web3/DDPay/cmd/http/main.go#main.main#55行#[[yaml: unmarshal errors:
  line 45: cannot unmarshal !!int `2592000` into time.Duration]]
2025-06-05/11:41:33 [INF] #/Users/chole/web3/DDPay/cmd/http/main.go#main.main#71行#[[初始化邮件服务成功]]
